{"level":"info","ts":"2026-03-15T11:30:01.484Z","logger":"Config","msg":"Trying to load ENV vars from fsb.env"}
{"level":"error","ts":"2026-03-15T11:30:01.506Z","logger":"Config","msg":"ENV file not found: fsb.env"}
{"level":"info","ts":"2026-03-15T11:30:01.507Z","logger":"Config","msg":"Please create fsb.env file"}
{"level":"info","ts":"2026-03-15T11:30:01.507Z","logger":"Config","msg":"For more info, refer: https://github.com/EverythingSuckz/TG-FileStreamBot/tree/golang#setting-up-things"}
{"level":"info","ts":"2026-03-15T11:30:01.508Z","logger":"Config","msg":"Please ignore this message if you are hosting it in a service like Heroku or other alternatives."}
{"level":"fatal","ts":"2026-03-15T11:30:01.508Z","logger":"Config","msg":"Error while parsing env variables","error":"required key API_ID missing value","stacktrace":"EverythingSuckz/fsb/config.(*config).setupEnvVars\n\t/workspaces/ojhadrive/OjhaDriveBot/config/config.go:180\nEverythingSuckz/fsb/config.Load\n\t/workspaces/ojhadrive/OjhaDriveBot/config/config.go:212\nmain.runApp\n\t/workspaces/ojhadrive/OjhaDriveBot/cmd/fsb/run.go:32\ngithub.com/spf13/cobra.(*Command).execute\n\t/go/pkg/mod/github.com/spf13/cobra@v1.8.0/command.go:987\ngithub.com/spf13/cobra.(*Command).ExecuteC\n\t/go/pkg/mod/github.com/spf13/cobra@v1.8.0/command.go:1115\ngithub.com/spf13/cobra.(*Command).Execute\n\t/go/pkg/mod/github.com/spf13/cobra@v1.8.0/command.go:1039\nmain.main\n\t/workspaces/ojhadrive/OjhaDriveBot/cmd/fsb/main.go:33\nruntime.main\n\t/usr/local/go/src/runtime/proc.go:285"}
{"level":"info","ts":"2026-03-15T11:31:10.468Z","logger":"Config","msg":"Trying to load ENV vars from fsb.env"}
{"level":"error","ts":"2026-03-15T11:31:10.468Z","logger":"Config","msg":"ENV file not found: fsb.env"}
{"level":"info","ts":"2026-03-15T11:31:10.468Z","logger":"Config","msg":"Please create fsb.env file"}
{"level":"info","ts":"2026-03-15T11:31:10.468Z","logger":"Config","msg":"For more info, refer: https://github.com/EverythingSuckz/TG-FileStreamBot/tree/golang#setting-up-things"}
{"level":"info","ts":"2026-03-15T11:31:10.468Z","logger":"Config","msg":"Please ignore this message if you are hosting it in a service like Heroku or other alternatives."}
{"level":"fatal","ts":"2026-03-15T11:31:10.468Z","logger":"Config","msg":"Error while parsing env variables","error":"required key API_ID missing value","stacktrace":"EverythingSuckz/fsb/config.(*config).setupEnvVars\n\t/workspaces/ojhadrive/OjhaDriveBot/config/config.go:180\nEverythingSuckz/fsb/config.Load\n\t/workspaces/ojhadrive/OjhaDriveBot/config/config.go:212\nmain.runApp\n\t/workspaces/ojhadrive/OjhaDriveBot/cmd/fsb/run.go:32\ngithub.com/spf13/cobra.(*Command).execute\n\t/go/pkg/mod/github.com/spf13/cobra@v1.8.0/command.go:987\ngithub.com/spf13/cobra.(*Command).ExecuteC\n\t/go/pkg/mod/github.com/spf13/cobra@v1.8.0/command.go:1115\ngithub.com/spf13/cobra.(*Command).Execute\n\t/go/pkg/mod/github.com/spf13/cobra@v1.8.0/command.go:1039\nmain.main\n\t/workspaces/ojhadrive/OjhaDriveBot/cmd/fsb/main.go:33\nruntime.main\n\t/usr/local/go/src/runtime/proc.go:285"}
{"level":"info","ts":"2026-03-15T11:31:27.036Z","logger":"Config","msg":"Trying to load ENV vars from fsb.env"}
{"level":"error","ts":"2026-03-15T11:31:27.036Z","logger":"Config","msg":"ENV file not found: fsb.env"}
{"level":"info","ts":"2026-03-15T11:31:27.036Z","logger":"Config","msg":"Please create fsb.env file"}
{"level":"info","ts":"2026-03-15T11:31:27.036Z","logger":"Config","msg":"For more info, refer: https://github.com/EverythingSuckz/TG-FileStreamBot/tree/golang#setting-up-things"}
{"level":"info","ts":"2026-03-15T11:31:27.036Z","logger":"Config","msg":"Please ignore this message if you are hosting it in a service like Heroku or other alternatives."}
{"level":"fatal","ts":"2026-03-15T11:31:27.036Z","logger":"Config","msg":"Error while parsing env variables","error":"required key API_ID missing value","stacktrace":"EverythingSuckz/fsb/config.(*config).setupEnvVars\n\t/workspaces/ojhadrive/OjhaDriveBot/config/config.go:180\nEverythingSuckz/fsb/config.Load\n\t/workspaces/ojhadrive/OjhaDriveBot/config/config.go:212\nmain.runApp\n\t/workspaces/ojhadrive/OjhaDriveBot/cmd/fsb/run.go:32\ngithub.com/spf13/cobra.(*Command).execute\n\t/go/pkg/mod/github.com/spf13/cobra@v1.8.0/command.go:987\ngithub.com/spf13/cobra.(*Command).ExecuteC\n\t/go/pkg/mod/github.com/spf13/cobra@v1.8.0/command.go:1115\ngithub.com/spf13/cobra.(*Command).Execute\n\t/go/pkg/mod/github.com/spf13/cobra@v1.8.0/command.go:1039\nmain.main\n\t/workspaces/ojhadrive/OjhaDriveBot/cmd/fsb/main.go:33\nruntime.main\n\t/usr/local/go/src/runtime/proc.go:285"}
{"level":"info","ts":"2026-03-15T11:32:20.373Z","logger":"Config","msg":"Trying to load ENV vars from fsb.env"}
{"level":"error","ts":"2026-03-15T11:32:20.374Z","logger":"Config","msg":"ENV file not found: fsb.env"}
{"level":"info","ts":"2026-03-15T11:32:20.374Z","logger":"Config","msg":"Please create fsb.env file"}
{"level":"info","ts":"2026-03-15T11:32:20.374Z","logger":"Config","msg":"For more info, refer: https://github.com/EverythingSuckz/TG-FileStreamBot/tree/golang#setting-up-things"}
{"level":"info","ts":"2026-03-15T11:32:20.374Z","logger":"Config","msg":"Please ignore this message if you are hosting it in a service like Heroku or other alternatives."}
{"level":"fatal","ts":"2026-03-15T11:32:20.374Z","logger":"Config","msg":"Error while parsing env variables","error":"required key API_ID missing value","stacktrace":"EverythingSuckz/fsb/config.(*config).setupEnvVars\n\t/workspaces/ojhadrive/OjhaDriveBot/config/config.go:180\nEverythingSuckz/fsb/config.Load\n\t/workspaces/ojhadrive/OjhaDriveBot/config/config.go:212\nmain.runApp\n\t/workspaces/ojhadrive/OjhaDriveBot/cmd/fsb/run.go:32\ngithub.com/spf13/cobra.(*Command).execute\n\t/go/pkg/mod/github.com/spf13/cobra@v1.8.0/command.go:987\ngithub.com/spf13/cobra.(*Command).ExecuteC\n\t/go/pkg/mod/github.com/spf13/cobra@v1.8.0/command.go:1115\ngithub.com/spf13/cobra.(*Command).Execute\n\t/go/pkg/mod/github.com/spf13/cobra@v1.8.0/command.go:1039\nmain.main\n\t/workspaces/ojhadrive/OjhaDriveBot/cmd/fsb/main.go:33\nruntime.main\n\t/usr/local/go/src/runtime/proc.go:285"}
{"level":"info","ts":"2026-03-15T11:33:28.166Z","logger":"Config","msg":"Trying to load ENV vars from fsb.env"}
{"level":"error","ts":"2026-03-15T11:33:28.166Z","logger":"Config","msg":"ENV file not found: fsb.env"}
{"level":"info","ts":"2026-03-15T11:33:28.166Z","logger":"Config","msg":"Please create fsb.env file"}
{"level":"info","ts":"2026-03-15T11:33:28.166Z","logger":"Config","msg":"For more info, refer: https://github.com/EverythingSuckz/TG-FileStreamBot/tree/golang#setting-up-things"}
{"level":"info","ts":"2026-03-15T11:33:28.166Z","logger":"Config","msg":"Please ignore this message if you are hosting it in a service like Heroku or other alternatives."}
{"level":"fatal","ts":"2026-03-15T11:33:28.166Z","logger":"Config","msg":"Error while parsing env variables","error":"required key API_ID missing value","stacktrace":"EverythingSuckz/fsb/config.(*config).setupEnvVars\n\t/workspaces/ojhadrive/OjhaDriveBot/config/config.go:180\nEverythingSuckz/fsb/config.Load\n\t/workspaces/ojhadrive/OjhaDriveBot/config/config.go:212\nmain.runApp\n\t/workspaces/ojhadrive/OjhaDriveBot/cmd/fsb/run.go:32\ngithub.com/spf13/cobra.(*Command).execute\n\t/go/pkg/mod/github.com/spf13/cobra@v1.8.0/command.go:987\ngithub.com/spf13/cobra.(*Command).ExecuteC\n\t/go/pkg/mod/github.com/spf13/cobra@v1.8.0/command.go:1115\ngithub.com/spf13/cobra.(*Command).Execute\n\t/go/pkg/mod/github.com/spf13/cobra@v1.8.0/command.go:1039\nmain.main\n\t/workspaces/ojhadrive/OjhaDriveBot/cmd/fsb/main.go:33\nruntime.main\n\t/usr/local/go/src/runtime/proc.go:285"}
